{"meta": {"format": 3, "version": "7.14.0", "timestamp": "2026-05-22T16:25:26.879191", "branch_coverage": false, "show_contexts": false}, "files": {"app\\__init__.py": {"executed_lines": [], "summary": {"covered_lines": 0, "num_statements": 0, "percent_covered": 100.0, "percent_covered_display": "100", "missing_lines": 0, "excluded_lines": 0, "percent_statements_covered": 100.0, "percent_statements_covered_display": "100"}, "missing_lines": [], "excluded_lines": [], "functions": {"": {"executed_lines": [], "summary": {"covered_lines": 0, "num_statements": 0, "percent_covered": 100.0, "percent_covered_display": "100", "missing_lines": 0, "excluded_lines": 0, "percent_statements_covered": 100.0, "percent_statements_covered_display": "100"}, "missing_lines": [], "excluded_lines": [], "start_line": 1}}, "classes": {"": {"executed_lines": [], "summary": {"covered_lines": 0, "num_statements": 0, "percent_covered": 100.0, "percent_covered_display": "100", "missing_lines": 0, "excluded_lines": 0, "percent_statements_covered": 100.0, "percent_statements_covered_display": "100"}, "missing_lines": [], "excluded_lines": [], "start_line": 1}}}, "app\\core\\config.py": {"executed_lines": [1, 4, 5, 7, 8, 11], "summary": {"covered_lines": 6, "num_statements": 6, "percent_covered": 100.0, "percent_covered_display": "100", "missing_lines": 0, "excluded_lines": 0, "percent_statements_covered": 100.0, "percent_statements_covered_display": "100"}, "missing_lines": [], "excluded_lines": [], "functions": {"": {"executed_lines": [1, 4, 5, 7, 8, 11], "summary": {"covered_lines": 6, "num_statements": 6, "percent_covered": 100.0, "percent_covered_display": "100", "missing_lines": 0, "excluded_lines": 0, "percent_statements_covered": 100.0, "percent_statements_covered_display": "100"}, "missing_lines": [], "excluded_lines": [], "start_line": 1}}, "classes": {"Settings": {"executed_lines": [], "summary": {"covered_lines": 0, "num_statements": 0, "percent_covered": 100.0, "percent_covered_display": "100", "missing_lines": 0, "excluded_lines": 0, "percent_statements_covered": 100.0, "percent_statements_covered_display": "100"}, "missing_lines": [], "excluded_lines": [], "start_line": 4}, "": {"executed_lines": [1, 4, 5, 7, 8, 11], "summary": {"covered_lines": 6, "num_statements": 6, "percent_covered": 100.0, "percent_covered_display": "100", "missing_lines": 0, "excluded_lines": 0, "percent_statements_covered": 100.0, "percent_statements_covered_display": "100"}, "missing_lines": [], "excluded_lines": [], "start_line": 1}}}, "app\\core\\database.py": {"executed_lines": [1, 3, 5, 7, 9, 10, 13], "summary": {"covered_lines": 7, "num_statements": 9, "percent_covered": 77.77777777777777, "percent_covered_display": "78", "missing_lines": 2, "excluded_lines": 0, "percent_statements_covered": 77.77777777777777, "percent_statements_covered_display": "78"}, "missing_lines": [14, 15], "excluded_lines": [], "functions": {"get_db": {"executed_lines": [], "summary": {"covered_lines": 0, "num_statements": 2, "percent_covered": 0.0, "percent_covered_display": "0", "missing_lines": 2, "excluded_lines": 0, "percent_statements_covered": 0.0, "percent_statements_covered_display": "0"}, "missing_lines": [14, 15], "excluded_lines": [], "start_line": 13}, "": {"executed_lines": [1, 3, 5, 7, 9, 10, 13], "summary": {"covered_lines": 7, "num_statements": 7, "percent_covered": 100.0, "percent_covered_display": "100", "missing_lines": 0, "excluded_lines": 0, "percent_statements_covered": 100.0, "percent_statements_covered_display": "100"}, "missing_lines": [], "excluded_lines": [], "start_line": 1}}, "classes": {"": {"executed_lines": [1, 3, 5, 7, 9, 10, 13], "summary": {"covered_lines": 7, "num_statements": 9, "percent_covered": 77.77777777777777, "percent_covered_display": "78", "missing_lines": 2, "excluded_lines": 0, "percent_statements_covered": 77.77777777777777, "percent_statements_covered_display": "78"}, "missing_lines": [14, 15], "excluded_lines": [], "start_line": 1}}}, "app\\core\\security.py": {"executed_lines": [3, 4, 6, 9, 10, 11, 12, 15, 18, 19, 20], "summary": {"covered_lines": 11, "num_statements": 11, "percent_covered": 100.0, "percent_covered_display": "100", "missing_lines": 0, "excluded_lines": 0, "percent_statements_covered": 100.0, "percent_statements_covered_display": "100"}, "missing_lines": [], "excluded_lines": [], "functions": {"hash_password": {"executed_lines": [10, 11, 12, 15], "summary": {"covered_lines": 4, "num_statements": 4, "percent_covered": 100.0, "percent_covered_display": "100", "missing_lines": 0, "excluded_lines": 0, "percent_statements_covered": 100.0, "percent_statements_covered_display": "100"}, "missing_lines": [], "excluded_lines": [], "start_line": 9}, "verify_password": {"executed_lines": [19, 20], "summary": {"covered_lines": 2, "num_statements": 2, "percent_covered": 100.0, "percent_covered_display": "100", "missing_lines": 0, "excluded_lines": 0, "percent_statements_covered": 100.0, "percent_statements_covered_display": "100"}, "missing_lines": [], "excluded_lines": [], "start_line": 18}, "": {"executed_lines": [3, 4, 6, 9, 18], "summary": {"covered_lines": 5, "num_statements": 5, "percent_covered": 100.0, "percent_covered_display": "100", "missing_lines": 0, "excluded_lines": 0, "percent_statements_covered": 100.0, "percent_statements_covered_display": "100"}, "missing_lines": [], "excluded_lines": [], "start_line": 1}}, "classes": {"": {"executed_lines": [3, 4, 6, 9, 10, 11, 12, 15, 18, 19, 20], "summary": {"covered_lines": 11, "num_statements": 11, "percent_covered": 100.0, "percent_covered_display": "100", "missing_lines": 0, "excluded_lines": 0, "percent_statements_covered": 100.0, "percent_statements_covered_display": "100"}, "missing_lines": [], "excluded_lines": [], "start_line": 1}}}, "app\\main.py": {"executed_lines": [3, 5, 7, 9, 10], "summary": {"covered_lines": 5, "num_statements": 5, "percent_covered": 100.0, "percent_covered_display": "100", "missing_lines": 0, "excluded_lines": 0, "percent_statements_covered": 100.0, "percent_statements_covered_display": "100"}, "missing_lines": [], "excluded_lines": [], "functions": {"": {"executed_lines": [3, 5, 7, 9, 10], "summary": {"covered_lines": 5, "num_statements": 5, "percent_covered": 100.0, "percent_covered_display": "100", "missing_lines": 0, "excluded_lines": 0, "percent_statements_covered": 100.0, "percent_statements_covered_display": "100"}, "missing_lines": [], "excluded_lines": [], "start_line": 1}}, "classes": {"": {"executed_lines": [3, 5, 7, 9, 10], "summary": {"covered_lines": 5, "num_statements": 5, "percent_covered": 100.0, "percent_covered_display": "100", "missing_lines": 0, "excluded_lines": 0, "percent_statements_covered": 100.0, "percent_statements_covered_display": "100"}, "missing_lines": [], "excluded_lines": [], "start_line": 1}}}, "app\\models\\__init__.py": {"executed_lines": [1, 2], "summary": {"covered_lines": 2, "num_statements": 2, "percent_covered": 100.0, "percent_covered_display": "100", "missing_lines": 0, "excluded_lines": 0, "percent_statements_covered": 100.0, "percent_statements_covered_display": "100"}, "missing_lines": [], "excluded_lines": [], "functions": {"": {"executed_lines": [1, 2], "summary": {"covered_lines": 2, "num_statements": 2, "percent_covered": 100.0, "percent_covered_display": "100", "missing_lines": 0, "excluded_lines": 0, "percent_statements_covered": 100.0, "percent_statements_covered_display": "100"}, "missing_lines": [], "excluded_lines": [], "start_line": 1}}, "classes": {"": {"executed_lines": [1, 2], "summary": {"covered_lines": 2, "num_statements": 2, "percent_covered": 100.0, "percent_covered_display": "100", "missing_lines": 0, "excluded_lines": 0, "percent_statements_covered": 100.0, "percent_statements_covered_display": "100"}, "missing_lines": [], "excluded_lines": [], "start_line": 1}}}, "app\\models\\base.py": {"executed_lines": [1, 4, 5], "summary": {"covered_lines": 3, "num_statements": 3, "percent_covered": 100.0, "percent_covered_display": "100", "missing_lines": 0, "excluded_lines": 0, "percent_statements_covered": 100.0, "percent_statements_covered_display": "100"}, "missing_lines": [], "excluded_lines": [], "functions": {"": {"executed_lines": [1, 4, 5], "summary": {"covered_lines": 3, "num_statements": 3, "percent_covered": 100.0, "percent_covered_display": "100", "missing_lines": 0, "excluded_lines": 0, "percent_statements_covered": 100.0, "percent_statements_covered_display": "100"}, "missing_lines": [], "excluded_lines": [], "start_line": 1}}, "classes": {"Base": {"executed_lines": [], "summary": {"covered_lines": 0, "num_statements": 0, "percent_covered": 100.0, "percent_covered_display": "100", "missing_lines": 0, "excluded_lines": 0, "percent_statements_covered": 100.0, "percent_statements_covered_display": "100"}, "missing_lines": [], "excluded_lines": [], "start_line": 4}, "": {"executed_lines": [1, 4, 5], "summary": {"covered_lines": 3, "num_statements": 3, "percent_covered": 100.0, "percent_covered_display": "100", "missing_lines": 0, "excluded_lines": 0, "percent_statements_covered": 100.0, "percent_statements_covered_display": "100"}, "missing_lines": [], "excluded_lines": [], "start_line": 1}}}, "app\\models\\student.py": {"executed_lines": [1, 3, 4, 6, 9, 10, 12, 13, 14, 15, 16, 17], "summary": {"covered_lines": 12, "num_statements": 12, "percent_covered": 100.0, "percent_covered_display": "100", "missing_lines": 0, "excluded_lines": 0, "percent_statements_covered": 100.0, "percent_statements_covered_display": "100"}, "missing_lines": [], "excluded_lines": [], "functions": {"": {"executed_lines": [1, 3, 4, 6, 9, 10, 12, 13, 14, 15, 16, 17], "summary": {"covered_lines": 12, "num_statements": 12, "percent_covered": 100.0, "percent_covered_display": "100", "missing_lines": 0, "excluded_lines": 0, "percent_statements_covered": 100.0, "percent_statements_covered_display": "100"}, "missing_lines": [], "excluded_lines": [], "start_line": 1}}, "classes": {"Student": {"executed_lines": [], "summary": {"covered_lines": 0, "num_statements": 0, "percent_covered": 100.0, "percent_covered_display": "100", "missing_lines": 0, "excluded_lines": 0, "percent_statements_covered": 100.0, "percent_statements_covered_display": "100"}, "missing_lines": [], "excluded_lines": [], "start_line": 9}, "": {"executed_lines": [1, 3, 4, 6, 9, 10, 12, 13, 14, 15, 16, 17], "summary": {"covered_lines": 12, "num_statements": 12, "percent_covered": 100.0, "percent_covered_display": "100", "missing_lines": 0, "excluded_lines": 0, "percent_statements_covered": 100.0, "percent_statements_covered_display": "100"}, "missing_lines": [], "excluded_lines": [], "start_line": 1}}}, "app\\models\\user.py": {"executed_lines": [1, 3, 5, 6, 8, 11, 12, 14, 15, 16, 17, 20, 21, 23, 24, 25], "summary": {"covered_lines": 16, "num_statements": 16, "percent_covered": 100.0, "percent_covered_display": "100", "missing_lines": 0, "excluded_lines": 0, "percent_statements_covered": 100.0, "percent_statements_covered_display": "100"}, "missing_lines": [], "excluded_lines": [], "functions": {"": {"executed_lines": [1, 3, 5, 6, 8, 11, 12, 14, 15, 16, 17, 20, 21, 23, 24, 25], "summary": {"covered_lines": 16, "num_statements": 16, "percent_covered": 100.0, "percent_covered_display": "100", "missing_lines": 0, "excluded_lines": 0, "percent_statements_covered": 100.0, "percent_statements_covered_display": "100"}, "missing_lines": [], "excluded_lines": [], "start_line": 1}}, "classes": {"User": {"executed_lines": [], "summary": {"covered_lines": 0, "num_statements": 0, "percent_covered": 100.0, "percent_covered_display": "100", "missing_lines": 0, "excluded_lines": 0, "percent_statements_covered": 100.0, "percent_statements_covered_display": "100"}, "missing_lines": [], "excluded_lines": [], "start_line": 11}, "UserSession": {"executed_lines": [], "summary": {"covered_lines": 0, "num_statements": 0, "percent_covered": 100.0, "percent_covered_display": "100", "missing_lines": 0, "excluded_lines": 0, "percent_statements_covered": 100.0, "percent_statements_covered_display": "100"}, "missing_lines": [], "excluded_lines": [], "start_line": 20}, "": {"executed_lines": [1, 3, 5, 6, 8, 11, 12, 14, 15, 16, 17, 20, 21, 23, 24, 25], "summary": {"covered_lines": 16, "num_statements": 16, "percent_covered": 100.0, "percent_covered_display": "100", "missing_lines": 0, "excluded_lines": 0, "percent_statements_covered": 100.0, "percent_statements_covered_display": "100"}, "missing_lines": [], "excluded_lines": [], "start_line": 1}}}, "app\\routers\\__init__.py": {"executed_lines": [], "summary": {"covered_lines": 0, "num_statements": 0, "percent_covered": 100.0, "percent_covered_display": "100", "missing_lines": 0, "excluded_lines": 0, "percent_statements_covered": 100.0, "percent_statements_covered_display": "100"}, "missing_lines": [], "excluded_lines": [], "functions": {"": {"executed_lines": [], "summary": {"covered_lines": 0, "num_statements": 0, "percent_covered": 100.0, "percent_covered_display": "100", "missing_lines": 0, "excluded_lines": 0, "percent_statements_covered": 100.0, "percent_statements_covered_display": "100"}, "missing_lines": [], "excluded_lines": [], "start_line": 1}}, "classes": {"": {"executed_lines": [], "summary": {"covered_lines": 0, "num_statements": 0, "percent_covered": 100.0, "percent_covered_display": "100", "missing_lines": 0, "excluded_lines": 0, "percent_statements_covered": 100.0, "percent_statements_covered_display": "100"}, "missing_lines": [], "excluded_lines": [], "start_line": 1}}}, "app\\routers\\auth.py": {"executed_lines": [3, 5, 7, 8, 10, 11, 12, 13, 14, 16, 18, 21, 22, 23, 24, 29, 30, 31, 32, 33, 46, 47, 52, 53, 57, 62, 63, 64, 65, 74, 77, 78, 79], "summary": {"covered_lines": 33, "num_statements": 47, "percent_covered": 70.2127659574468, "percent_covered_display": "70", "missing_lines": 14, "excluded_lines": 0, "percent_statements_covered": 70.2127659574468, "percent_statements_covered_display": "70"}, "missing_lines": [25, 26, 34, 35, 36, 37, 43, 54, 66, 67, 68, 69, 70, 71], "excluded_lines": [], "functions": {"register": {"executed_lines": [23, 24], "summary": {"covered_lines": 2, "num_statements": 4, "percent_covered": 50.0, "percent_covered_display": "50", "missing_lines": 2, "excluded_lines": 0, "percent_statements_covered": 50.0, "percent_statements_covered_display": "50"}, "missing_lines": [25, 26], "excluded_lines": [], "start_line": 22}, "login": {"executed_lines": [31, 32, 33], "summary": {"covered_lines": 3, "num_statements": 8, "percent_covered": 37.5, "percent_covered_display": "38", "missing_lines": 5, "excluded_lines": 0, "percent_statements_covered": 37.5, "percent_statements_covered_display": "38"}, "missing_lines": [34, 35, 36, 37, 43], "excluded_lines": [], "start_line": 30}, "logout": {"executed_lines": [52, 53], "summary": {"covered_lines": 2, "num_statements": 3, "percent_covered": 66.66666666666667, "percent_covered_display": "67", "missing_lines": 1, "excluded_lines": 0, "percent_statements_covered": 66.66666666666667, "percent_statements_covered_display": "67"}, "missing_lines": [54], "excluded_lines": [], "start_line": 47}, "get_current_user": {"executed_lines": [62, 63, 64, 65], "summary": {"covered_lines": 4, "num_statements": 10, "percent_covered": 40.0, "percent_covered_display": "40", "missing_lines": 6, "excluded_lines": 0, "percent_statements_covered": 40.0, "percent_statements_covered_display": "40"}, "missing_lines": [66, 67, 68, 69, 70, 71], "excluded_lines": [], "start_line": 57}, "me": {"executed_lines": [79], "summary": {"covered_lines": 1, "num_statements": 1, "percent_covered": 100.0, "percent_covered_display": "100", "missing_lines": 0, "excluded_lines": 0, "percent_statements_covered": 100.0, "percent_statements_covered_display": "100"}, "missing_lines": [], "excluded_lines": [], "start_line": 78}, "": {"executed_lines": [3, 5, 7, 8, 10, 11, 12, 13, 14, 16, 18, 21, 22, 29, 30, 46, 47, 57, 74, 77, 78], "summary": {"covered_lines": 21, "num_statements": 21, "percent_covered": 100.0, "percent_covered_display": "100", "missing_lines": 0, "excluded_lines": 0, "percent_statements_covered": 100.0, "percent_statements_covered_display": "100"}, "missing_lines": [], "excluded_lines": [], "start_line": 1}}, "classes": {"": {"executed_lines": [3, 5, 7, 8, 10, 11, 12, 13, 14, 16, 18, 21, 22, 23, 24, 29, 30, 31, 32, 33, 46, 47, 52, 53, 57, 62, 63, 64, 65, 74, 77, 78, 79], "summary": {"covered_lines": 33, "num_statements": 47, "percent_covered": 70.2127659574468, "percent_covered_display": "70", "missing_lines": 14, "excluded_lines": 0, "percent_statements_covered": 70.2127659574468, "percent_statements_covered_display": "70"}, "missing_lines": [25, 26, 34, 35, 36, 37, 43, 54, 66, 67, 68, 69, 70, 71], "excluded_lines": [], "start_line": 1}}}, "app\\routers\\students.py": {"executed_lines": [3, 5, 7, 8, 10, 11, 12, 13, 14, 16, 18, 19, 22, 23, 24, 25, 28, 29, 30, 32, 33, 34, 37, 40, 41, 42, 45, 46, 47, 53, 54, 60, 63, 64, 65, 71, 72, 73, 74, 80, 81, 82], "summary": {"covered_lines": 42, "num_statements": 55, "percent_covered": 76.36363636363636, "percent_covered_display": "76", "missing_lines": 13, "excluded_lines": 0, "percent_statements_covered": 76.36363636363636, "percent_statements_covered_display": "76"}, "missing_lines": [35, 36, 48, 49, 50, 66, 67, 68, 75, 76, 77, 83, 84], "excluded_lines": [], "functions": {"create_student": {"executed_lines": [24, 25], "summary": {"covered_lines": 2, "num_statements": 2, "percent_covered": 100.0, "percent_covered_display": "100", "missing_lines": 0, "excluded_lines": 0, "percent_statements_covered": 100.0, "percent_statements_covered_display": "100"}, "missing_lines": [], "excluded_lines": [], "start_line": 23}, "read_students": {"executed_lines": [30], "summary": {"covered_lines": 1, "num_statements": 1, "percent_covered": 100.0, "percent_covered_display": "100", "missing_lines": 0, "excluded_lines": 0, "percent_statements_covered": 100.0, "percent_statements_covered_display": "100"}, "missing_lines": [], "excluded_lines": [], "start_line": 29}, "students_by_faculty": {"executed_lines": [34, 37], "summary": {"covered_lines": 2, "num_statements": 4, "percent_covered": 50.0, "percent_covered_display": "50", "missing_lines": 2, "excluded_lines": 0, "percent_statements_covered": 50.0, "percent_statements_covered_display": "50"}, "missing_lines": [35, 36], "excluded_lines": [], "start_line": 33}, "unique_courses": {"executed_lines": [42], "summary": {"covered_lines": 1, "num_statements": 1, "percent_covered": 100.0, "percent_covered_display": "100", "missing_lines": 0, "excluded_lines": 0, "percent_statements_covered": 100.0, "percent_statements_covered_display": "100"}, "missing_lines": [], "excluded_lines": [], "start_line": 41}, "avg_score_by_faculty": {"executed_lines": [47], "summary": {"covered_lines": 1, "num_statements": 4, "percent_covered": 25.0, "percent_covered_display": "25", "missing_lines": 3, "excluded_lines": 0, "percent_statements_covered": 25.0, "percent_statements_covered_display": "25"}, "missing_lines": [48, 49, 50], "excluded_lines": [], "start_line": 46}, "students_below_score": {"executed_lines": [60], "summary": {"covered_lines": 1, "num_statements": 1, "percent_covered": 100.0, "percent_covered_display": "100", "missing_lines": 0, "excluded_lines": 0, "percent_statements_covered": 100.0, "percent_statements_covered_display": "100"}, "missing_lines": [], "excluded_lines": [], "start_line": 54}, "read_student": {"executed_lines": [65], "summary": {"covered_lines": 1, "num_statements": 4, "percent_covered": 25.0, "percent_covered_display": "25", "missing_lines": 3, "excluded_lines": 0, "percent_statements_covered": 25.0, "percent_statements_covered_display": "25"}, "missing_lines": [66, 67, 68], "excluded_lines": [], "start_line": 64}, "update_student": {"executed_lines": [73, 74], "summary": {"covered_lines": 2, "num_statements": 5, "percent_covered": 40.0, "percent_covered_display": "40", "missing_lines": 3, "excluded_lines": 0, "percent_statements_covered": 40.0, "percent_statements_covered_display": "40"}, "missing_lines": [75, 76, 77], "excluded_lines": [], "start_line": 72}, "delete_student": {"executed_lines": [82], "summary": {"covered_lines": 1, "num_statements": 3, "percent_covered": 33.333333333333336, "percent_covered_display": "33", "missing_lines": 2, "excluded_lines": 0, "percent_statements_covered": 33.333333333333336, "percent_statements_covered_display": "33"}, "missing_lines": [83, 84], "excluded_lines": [], "start_line": 81}, "": {"executed_lines": [3, 5, 7, 8, 10, 11, 12, 13, 14, 16, 18, 19, 22, 23, 28, 29, 32, 33, 40, 41, 45, 46, 53, 54, 63, 64, 71, 72, 80, 81], "summary": {"covered_lines": 30, "num_statements": 30, "percent_covered": 100.0, "percent_covered_display": "100", "missing_lines": 0, "excluded_lines": 0, "percent_statements_covered": 100.0, "percent_statements_covered_display": "100"}, "missing_lines": [], "excluded_lines": [], "start_line": 1}}, "classes": {"": {"executed_lines": [3, 5, 7, 8, 10, 11, 12, 13, 14, 16, 18, 19, 22, 23, 24, 25, 28, 29, 30, 32, 33, 34, 37, 40, 41, 42, 45, 46, 47, 53, 54, 60, 63, 64, 65, 71, 72, 73, 74, 80, 81, 82], "summary": {"covered_lines": 42, "num_statements": 55, "percent_covered": 76.36363636363636, "percent_covered_display": "76", "missing_lines": 13, "excluded_lines": 0, "percent_statements_covered": 76.36363636363636, "percent_statements_covered_display": "76"}, "missing_lines": [35, 36, 48, 49, 50, 66, 67, 68, 75, 76, 77, 83, 84], "excluded_lines": [], "start_line": 1}}}, "app\\schemas\\__init__.py": {"executed_lines": [], "summary": {"covered_lines": 0, "num_statements": 0, "percent_covered": 100.0, "percent_covered_display": "100", "missing_lines": 0, "excluded_lines": 0, "percent_statements_covered": 100.0, "percent_statements_covered_display": "100"}, "missing_lines": [], "excluded_lines": [], "functions": {"": {"executed_lines": [], "summary": {"covered_lines": 0, "num_statements": 0, "percent_covered": 100.0, "percent_covered_display": "100", "missing_lines": 0, "excluded_lines": 0, "percent_statements_covered": 100.0, "percent_statements_covered_display": "100"}, "missing_lines": [], "excluded_lines": [], "start_line": 1}}, "classes": {"": {"executed_lines": [], "summary": {"covered_lines": 0, "num_statements": 0, "percent_covered": 100.0, "percent_covered_display": "100", "missing_lines": 0, "excluded_lines": 0, "percent_statements_covered": 100.0, "percent_statements_covered_display": "100"}, "missing_lines": [], "excluded_lines": [], "start_line": 1}}}, "app\\schemas\\auth.py": {"executed_lines": [1, 4, 5, 6, 9, 10, 11, 14, 15, 16, 18], "summary": {"covered_lines": 11, "num_statements": 11, "percent_covered": 100.0, "percent_covered_display": "100", "missing_lines": 0, "excluded_lines": 0, "percent_statements_covered": 100.0, "percent_statements_covered_display": "100"}, "missing_lines": [], "excluded_lines": [], "functions": {"": {"executed_lines": [1, 4, 5, 6, 9, 10, 11, 14, 15, 16, 18], "summary": {"covered_lines": 11, "num_statements": 11, "percent_covered": 100.0, "percent_covered_display": "100", "missing_lines": 0, "excluded_lines": 0, "percent_statements_covered": 100.0, "percent_statements_covered_display": "100"}, "missing_lines": [], "excluded_lines": [], "start_line": 1}}, "classes": {"RegisterRequest": {"executed_lines": [], "summary": {"covered_lines": 0, "num_statements": 0, "percent_covered": 100.0, "percent_covered_display": "100", "missing_lines": 0, "excluded_lines": 0, "percent_statements_covered": 100.0, "percent_statements_covered_display": "100"}, "missing_lines": [], "excluded_lines": [], "start_line": 4}, "LoginRequest": {"executed_lines": [], "summary": {"covered_lines": 0, "num_statements": 0, "percent_covered": 100.0, "percent_covered_display": "100", "missing_lines": 0, "excluded_lines": 0, "percent_statements_covered": 100.0, "percent_statements_covered_display": "100"}, "missing_lines": [], "excluded_lines": [], "start_line": 9}, "UserResponse": {"executed_lines": [], "summary": {"covered_lines": 0, "num_statements": 0, "percent_covered": 100.0, "percent_covered_display": "100", "missing_lines": 0, "excluded_lines": 0, "percent_statements_covered": 100.0, "percent_statements_covered_display": "100"}, "missing_lines": [], "excluded_lines": [], "start_line": 14}, "": {"executed_lines": [1, 4, 5, 6, 9, 10, 11, 14, 15, 16, 18], "summary": {"covered_lines": 11, "num_statements": 11, "percent_covered": 100.0, "percent_covered_display": "100", "missing_lines": 0, "excluded_lines": 0, "percent_statements_covered": 100.0, "percent_statements_covered_display": "100"}, "missing_lines": [], "excluded_lines": [], "start_line": 1}}}, "app\\schemas\\students.py": {"executed_lines": [1, 4, 5, 6, 7, 8, 9, 12, 13, 14, 15, 16, 17, 20, 21, 23], "summary": {"covered_lines": 16, "num_statements": 16, "percent_covered": 100.0, "percent_covered_display": "100", "missing_lines": 0, "excluded_lines": 0, "percent_statements_covered": 100.0, "percent_statements_covered_display": "100"}, "missing_lines": [], "excluded_lines": [], "functions": {"": {"executed_lines": [1, 4, 5, 6, 7, 8, 9, 12, 13, 14, 15, 16, 17, 20, 21, 23], "summary": {"covered_lines": 16, "num_statements": 16, "percent_covered": 100.0, "percent_covered_display": "100", "missing_lines": 0, "excluded_lines": 0, "percent_statements_covered": 100.0, "percent_statements_covered_display": "100"}, "missing_lines": [], "excluded_lines": [], "start_line": 1}}, "classes": {"StudentCreate": {"executed_lines": [], "summary": {"covered_lines": 0, "num_statements": 0, "percent_covered": 100.0, "percent_covered_display": "100", "missing_lines": 0, "excluded_lines": 0, "percent_statements_covered": 100.0, "percent_statements_covered_display": "100"}, "missing_lines": [], "excluded_lines": [], "start_line": 4}, "StudentUpdate": {"executed_lines": [], "summary": {"covered_lines": 0, "num_statements": 0, "percent_covered": 100.0, "percent_covered_display": "100", "missing_lines": 0, "excluded_lines": 0, "percent_statements_covered": 100.0, "percent_statements_covered_display": "100"}, "missing_lines": [], "excluded_lines": [], "start_line": 12}, "StudentResponse": {"executed_lines": [], "summary": {"covered_lines": 0, "num_statements": 0, "percent_covered": 100.0, "percent_covered_display": "100", "missing_lines": 0, "excluded_lines": 0, "percent_statements_covered": 100.0, "percent_statements_covered_display": "100"}, "missing_lines": [], "excluded_lines": [], "start_line": 20}, "": {"executed_lines": [1, 4, 5, 6, 7, 8, 9, 12, 13, 14, 15, 16, 17, 20, 21, 23], "summary": {"covered_lines": 16, "num_statements": 16, "percent_covered": 100.0, "percent_covered_display": "100", "missing_lines": 0, "excluded_lines": 0, "percent_statements_covered": 100.0, "percent_statements_covered_display": "100"}, "missing_lines": [], "excluded_lines": [], "start_line": 1}}}, "app\\services\\__init__.py": {"executed_lines": [], "summary": {"covered_lines": 0, "num_statements": 0, "percent_covered": 100.0, "percent_covered_display": "100", "missing_lines": 0, "excluded_lines": 0, "percent_statements_covered": 100.0, "percent_statements_covered_display": "100"}, "missing_lines": [], "excluded_lines": [], "functions": {"": {"executed_lines": [], "summary": {"covered_lines": 0, "num_statements": 0, "percent_covered": 100.0, "percent_covered_display": "100", "missing_lines": 0, "excluded_lines": 0, "percent_statements_covered": 100.0, "percent_statements_covered_display": "100"}, "missing_lines": [], "excluded_lines": [], "start_line": 1}}, "classes": {"": {"executed_lines": [], "summary": {"covered_lines": 0, "num_statements": 0, "percent_covered": 100.0, "percent_covered_display": "100", "missing_lines": 0, "excluded_lines": 0, "percent_statements_covered": 100.0, "percent_statements_covered_display": "100"}, "missing_lines": [], "excluded_lines": [], "start_line": 1}}}, "app\\services\\sessions.py": {"executed_lines": [1, 3, 5, 6, 8, 11, 12, 13, 15, 16, 17, 18, 21, 22, 27, 28], "summary": {"covered_lines": 16, "num_statements": 23, "percent_covered": 69.56521739130434, "percent_covered_display": "70", "missing_lines": 7, "excluded_lines": 0, "percent_statements_covered": 69.56521739130434, "percent_statements_covered_display": "70"}, "missing_lines": [19, 25, 29, 30, 31, 32, 33], "excluded_lines": [], "functions": {"SessionService.__init__": {"executed_lines": [13], "summary": {"covered_lines": 1, "num_statements": 1, "percent_covered": 100.0, "percent_covered_display": "100", "missing_lines": 0, "excluded_lines": 0, "percent_statements_covered": 100.0, "percent_statements_covered_display": "100"}, "missing_lines": [], "excluded_lines": [], "start_line": 12}, "SessionService.create": {"executed_lines": [16, 17, 18], "summary": {"covered_lines": 3, "num_statements": 4, "percent_covered": 75.0, "percent_covered_display": "75", "missing_lines": 1, "excluded_lines": 0, "percent_statements_covered": 75.0, "percent_statements_covered_display": "75"}, "missing_lines": [19], "excluded_lines": [], "start_line": 15}, "SessionService.get_user_id": {"executed_lines": [22], "summary": {"covered_lines": 1, "num_statements": 2, "percent_covered": 50.0, "percent_covered_display": "50", "missing_lines": 1, "excluded_lines": 0, "percent_statements_covered": 50.0, "percent_statements_covered_display": "50"}, "missing_lines": [25], "excluded_lines": [], "start_line": 21}, "SessionService.delete": {"executed_lines": [28], "summary": {"covered_lines": 1, "num_statements": 6, "percent_covered": 16.666666666666668, "percent_covered_display": "17", "missing_lines": 5, "excluded_lines": 0, "percent_statements_covered": 16.666666666666668, "percent_statements_covered_display": "17"}, "missing_lines": [29, 30, 31, 32, 33], "excluded_lines": [], "start_line": 27}, "": {"executed_lines": [1, 3, 5, 6, 8, 11, 12, 15, 21, 27], "summary": {"covered_lines": 10, "num_statements": 10, "percent_covered": 100.0, "percent_covered_display": "100", "missing_lines": 0, "excluded_lines": 0, "percent_statements_covered": 100.0, "percent_statements_covered_display": "100"}, "missing_lines": [], "excluded_lines": [], "start_line": 1}}, "classes": {"SessionService": {"executed_lines": [13, 16, 17, 18, 22, 28], "summary": {"covered_lines": 6, "num_statements": 13, "percent_covered": 46.15384615384615, "percent_covered_display": "46", "missing_lines": 7, "excluded_lines": 0, "percent_statements_covered": 46.15384615384615, "percent_statements_covered_display": "46"}, "missing_lines": [19, 25, 29, 30, 31, 32, 33], "excluded_lines": [], "start_line": 11}, "": {"executed_lines": [1, 3, 5, 6, 8, 11, 12, 15, 21, 27], "summary": {"covered_lines": 10, "num_statements": 10, "percent_covered": 100.0, "percent_covered_display": "100", "missing_lines": 0, "excluded_lines": 0, "percent_statements_covered": 100.0, "percent_statements_covered_display": "100"}, "missing_lines": [], "excluded_lines": [], "start_line": 1}}}, "app\\services\\students.py": {"executed_lines": [3, 5, 6, 8, 11, 12, 13, 15, 16, 17, 21, 22, 25, 26, 28, 29, 38, 39, 46, 53, 54, 62, 63, 64, 66, 67, 71, 72], "summary": {"covered_lines": 28, "num_statements": 52, "percent_covered": 53.84615384615385, "percent_covered_display": "54", "missing_lines": 24, "excluded_lines": 0, "percent_statements_covered": 53.84615384615385, "percent_statements_covered_display": "54"}, "missing_lines": [18, 19, 23, 30, 31, 32, 33, 34, 35, 36, 40, 41, 42, 43, 44, 47, 48, 49, 50, 51, 60, 68, 69, 77], "excluded_lines": [], "functions": {"StudentService.__init__": {"executed_lines": [13], "summary": {"covered_lines": 1, "num_statements": 1, "percent_covered": 100.0, "percent_covered_display": "100", "missing_lines": 0, "excluded_lines": 0, "percent_statements_covered": 100.0, "percent_statements_covered_display": "100"}, "missing_lines": [], "excluded_lines": [], "start_line": 12}, "StudentService.create": {"executed_lines": [16, 17], "summary": {"covered_lines": 2, "num_statements": 4, "percent_covered": 50.0, "percent_covered_display": "50", "missing_lines": 2, "excluded_lines": 0, "percent_statements_covered": 50.0, "percent_statements_covered_display": "50"}, "missing_lines": [18, 19], "excluded_lines": [], "start_line": 15}, "StudentService.list_all": {"executed_lines": [22], "summary": {"covered_lines": 1, "num_statements": 2, "percent_covered": 50.0, "percent_covered_display": "50", "missing_lines": 1, "excluded_lines": 0, "percent_statements_covered": 50.0, "percent_statements_covered_display": "50"}, "missing_lines": [23], "excluded_lines": [], "start_line": 21}, "StudentService.get": {"executed_lines": [26], "summary": {"covered_lines": 1, "num_statements": 1, "percent_covered": 100.0, "percent_covered_display": "100", "missing_lines": 0, "excluded_lines": 0, "percent_statements_covered": 100.0, "percent_statements_covered_display": "100"}, "missing_lines": [], "excluded_lines": [], "start_line": 25}, "StudentService.update": {"executed_lines": [29], "summary": {"covered_lines": 1, "num_statements": 8, "percent_covered": 12.5, "percent_covered_display": "12", "missing_lines": 7, "excluded_lines": 0, "percent_statements_covered": 12.5, "percent_statements_covered_display": "12"}, "missing_lines": [30, 31, 32, 33, 34, 35, 36], "excluded_lines": [], "start_line": 28}, "StudentService.delete": {"executed_lines": [39], "summary": {"covered_lines": 1, "num_statements": 6, "percent_covered": 16.666666666666668, "percent_covered_display": "17", "missing_lines": 5, "excluded_lines": 0, "percent_statements_covered": 16.666666666666668, "percent_statements_covered_display": "17"}, "missing_lines": [40, 41, 42, 43, 44], "excluded_lines": [], "start_line": 38}, "StudentService.delete_many": {"executed_lines": [], "summary": {"covered_lines": 0, "num_statements": 5, "percent_covered": 0.0, "percent_covered_display": "0", "missing_lines": 5, "excluded_lines": 0, "percent_statements_covered": 0.0, "percent_statements_covered_display": "0"}, "missing_lines": [47, 48, 49, 50, 51], "excluded_lines": [], "start_line": 46}, "StudentService.students_by_faculty": {"executed_lines": [54], "summary": {"covered_lines": 1, "num_statements": 2, "percent_covered": 50.0, "percent_covered_display": "50", "missing_lines": 1, "excluded_lines": 0, "percent_statements_covered": 50.0, "percent_statements_covered_display": "50"}, "missing_lines": [60], "excluded_lines": [], "start_line": 53}, "StudentService.unique_courses": {"executed_lines": [63, 64], "summary": {"covered_lines": 2, "num_statements": 2, "percent_covered": 100.0, "percent_covered_display": "100", "missing_lines": 0, "excluded_lines": 0, "percent_statements_covered": 100.0, "percent_statements_covered_display": "100"}, "missing_lines": [], "excluded_lines": [], "start_line": 62}, "StudentService.avg_score_by_faculty": {"executed_lines": [67], "summary": {"covered_lines": 1, "num_statements": 3, "percent_covered": 33.333333333333336, "percent_covered_display": "33", "missing_lines": 2, "excluded_lines": 0, "percent_statements_covered": 33.333333333333336, "percent_statements_covered_display": "33"}, "missing_lines": [68, 69], "excluded_lines": [], "start_line": 66}, "StudentService.below_score": {"executed_lines": [72], "summary": {"covered_lines": 1, "num_statements": 2, "percent_covered": 50.0, "percent_covered_display": "50", "missing_lines": 1, "excluded_lines": 0, "percent_statements_covered": 50.0, "percent_statements_covered_display": "50"}, "missing_lines": [77], "excluded_lines": [], "start_line": 71}, "": {"executed_lines": [3, 5, 6, 8, 11, 12, 15, 21, 25, 28, 38, 46, 53, 62, 66, 71], "summary": {"covered_lines": 16, "num_statements": 16, "percent_covered": 100.0, "percent_covered_display": "100", "missing_lines": 0, "excluded_lines": 0, "percent_statements_covered": 100.0, "percent_statements_covered_display": "100"}, "missing_lines": [], "excluded_lines": [], "start_line": 1}}, "classes": {"StudentService": {"executed_lines": [13, 16, 17, 22, 26, 29, 39, 54, 63, 64, 67, 72], "summary": {"covered_lines": 12, "num_statements": 36, "percent_covered": 33.333333333333336, "percent_covered_display": "33", "missing_lines": 24, "excluded_lines": 0, "percent_statements_covered": 33.333333333333336, "percent_statements_covered_display": "33"}, "missing_lines": [18, 19, 23, 30, 31, 32, 33, 34, 35, 36, 40, 41, 42, 43, 44, 47, 48, 49, 50, 51, 60, 68, 69, 77], "excluded_lines": [], "start_line": 11}, "": {"executed_lines": [3, 5, 6, 8, 11, 12, 15, 21, 25, 28, 38, 46, 53, 62, 66, 71], "summary": {"covered_lines": 16, "num_statements": 16, "percent_covered": 100.0, "percent_covered_display": "100", "missing_lines": 0, "excluded_lines": 0, "percent_statements_covered": 100.0, "percent_statements_covered_display": "100"}, "missing_lines": [], "excluded_lines": [], "start_line": 1}}}, "app\\services\\users.py": {"executed_lines": [1, 3, 4, 6, 7, 10, 11, 12, 14, 15, 18, 19, 21, 22, 23, 24, 25, 29, 30], "summary": {"covered_lines": 19, "num_statements": 27, "percent_covered": 70.37037037037037, "percent_covered_display": "70", "missing_lines": 8, "excluded_lines": 0, "percent_statements_covered": 70.37037037037037, "percent_statements_covered_display": "70"}, "missing_lines": [16, 26, 27, 31, 32, 33, 34, 35], "excluded_lines": [], "functions": {"UserService.__init__": {"executed_lines": [12], "summary": {"covered_lines": 1, "num_statements": 1, "percent_covered": 100.0, "percent_covered_display": "100", "missing_lines": 0, "excluded_lines": 0, "percent_statements_covered": 100.0, "percent_statements_covered_display": "100"}, "missing_lines": [], "excluded_lines": [], "start_line": 11}, "UserService.get_by_username": {"executed_lines": [15], "summary": {"covered_lines": 1, "num_statements": 2, "percent_covered": 50.0, "percent_covered_display": "50", "missing_lines": 1, "excluded_lines": 0, "percent_statements_covered": 50.0, "percent_statements_covered_display": "50"}, "missing_lines": [16], "excluded_lines": [], "start_line": 14}, "UserService.get_by_id": {"executed_lines": [19], "summary": {"covered_lines": 1, "num_statements": 1, "percent_covered": 100.0, "percent_covered_display": "100", "missing_lines": 0, "excluded_lines": 0, "percent_statements_covered": 100.0, "percent_statements_covered_display": "100"}, "missing_lines": [], "excluded_lines": [], "start_line": 18}, "UserService.create": {"executed_lines": [22, 23, 24, 25], "summary": {"covered_lines": 4, "num_statements": 6, "percent_covered": 66.66666666666667, "percent_covered_display": "67", "missing_lines": 2, "excluded_lines": 0, "percent_statements_covered": 66.66666666666667, "percent_statements_covered_display": "67"}, "missing_lines": [26, 27], "excluded_lines": [], "start_line": 21}, "UserService.authenticate": {"executed_lines": [30], "summary": {"covered_lines": 1, "num_statements": 6, "percent_covered": 16.666666666666668, "percent_covered_display": "17", "missing_lines": 5, "excluded_lines": 0, "percent_statements_covered": 16.666666666666668, "percent_statements_covered_display": "17"}, "missing_lines": [31, 32, 33, 34, 35], "excluded_lines": [], "start_line": 29}, "": {"executed_lines": [1, 3, 4, 6, 7, 10, 11, 14, 18, 21, 29], "summary": {"covered_lines": 11, "num_statements": 11, "percent_covered": 100.0, "percent_covered_display": "100", "missing_lines": 0, "excluded_lines": 0, "percent_statements_covered": 100.0, "percent_statements_covered_display": "100"}, "missing_lines": [], "excluded_lines": [], "start_line": 1}}, "classes": {"UserService": {"executed_lines": [12, 15, 19, 22, 23, 24, 25, 30], "summary": {"covered_lines": 8, "num_statements": 16, "percent_covered": 50.0, "percent_covered_display": "50", "missing_lines": 8, "excluded_lines": 0, "percent_statements_covered": 50.0, "percent_statements_covered_display": "50"}, "missing_lines": [16, 26, 27, 31, 32, 33, 34, 35], "excluded_lines": [], "start_line": 10}, "": {"executed_lines": [1, 3, 4, 6, 7, 10, 11, 14, 18, 21, 29], "summary": {"covered_lines": 11, "num_statements": 11, "percent_covered": 100.0, "percent_covered_display": "100", "missing_lines": 0, "excluded_lines": 0, "percent_statements_covered": 100.0, "percent_statements_covered_display": "100"}, "missing_lines": [], "excluded_lines": [], "start_line": 1}}}}, "totals": {"covered_lines": 227, "num_statements": 295, "percent_covered": 76.94915254237289, "percent_covered_display": "77", "missing_lines": 68, "excluded_lines": 0, "percent_statements_covered": 76.94915254237289, "percent_statements_covered_display": "77"}}